##########################################################################
## 							Change Log									##
##----------------------------------------------------------------------##
## All notable changes to this project will be documented in this file. ##
##																		##
##########################################################################

--------------------------------------------------------------------------
## [1.2.4] - 2021-??-?? (Not sure when I made the initial version.)		##
--------------------------------------------------------------------------
 
### Added
 
 - Creation and Styling.

--------------------------------------------------------------------------
## [2.1.4] - 2022-??-??													##
--------------------------------------------------------------------------
    
### Changed

 - Restyling.
 - Cleaning up JavaScript functions.
 
--------------------------------------------------------------------------
## [2.1.5] - 2022-09-22													##
--------------------------------------------------------------------------
    
### Fixed
 - Bug: fetchMatchResults, nog scrolling when screenHeight was equal to content height.

--------------------------------------------------------------------------
## [2.1.5] - 2022-09-25													##
--------------------------------------------------------------------------
    
### Fixed
 - Bug: fetchMatchInformation, scrolling when not neceserry.

--------------------------------------------------------------------------
## [2.1.6] - 2022-09-25													##
--------------------------------------------------------------------------
    
### Created
 - Bug: fetchMatchInformation, added counter for actual matches inside time bracket.
 
### Fixed
 - Bug: fetchMatchInformation, changed ulCounter from matchChecker to actual matches inside time bracket.
